[0811/102216.375:ERROR:process_memory_win.cc(73)] ReadMemory at 0x7ff699800000 of 64 bytes failed: ReadProcessMemory 또는 WriteProcessMemory의 일부 작업만을 마쳤습니다. (0x12B)
[0811/102216.376:WARNING:pe_image_reader.cc(340)] could not read dos header from C:\Program Files (x86)\Google\Chrome\Application\chrome.exe
[0811/102216.377:ERROR:process_memory_win.cc(73)] ReadMemory at 0x7fff8ba40000 of 64 bytes failed: ReadProcessMemory 또는 WriteProcessMemory의 일부 작업만을 마쳤습니다. (0x12B)
[0811/102216.377:WARNING:pe_image_reader.cc(340)] could not read dos header from C:\WINDOWS\SYSTEM32\ntdll.dll
[0811/102216.377:ERROR:process_memory_win.cc(73)] ReadMemory at 0x7fff8b4c0000 of 64 bytes failed: ReadProcessMemory 또는 WriteProcessMemory의 일부 작업만을 마쳤습니다. (0x12B)
[0811/102216.380:WARNING:pe_image_reader.cc(340)] could not read dos header from C:\WINDOWS\System32\KERNEL32.DLL
[0811/102216.381:ERROR:process_memory_win.cc(73)] ReadMemory at 0x7fff89540000 of 64 bytes failed: ReadProcessMemory 또는 WriteProcessMemory의 일부 작업만을 마쳤습니다. (0x12B)
[0811/102216.381:WARNING:pe_image_reader.cc(340)] could not read dos header from C:\WINDOWS\System32\KERNELBASE.dll
[0811/102216.381:ERROR:process_memory_win.cc(73)] ReadMemory at 0x7fff67770000 of 64 bytes failed: ReadProcessMemory 또는 WriteProcessMemory의 일부 작업만을 마쳤습니다. (0x12B)
[0811/102216.381:WARNING:pe_image_reader.cc(340)] could not read dos header from C:\Program Files (x86)\Google\Chrome\Application\84.0.4147.105\chrome_elf.dll
[0811/102216.381:ERROR:process_memory_win.cc(73)] ReadMemory at 0x7fff7ff20000 of 64 bytes failed: ReadProcessMemory 또는 WriteProcessMemory의 일부 작업만을 마쳤습니다. (0x12B)
[0811/102216.381:WARNING:pe_image_reader.cc(340)] could not read dos header from C:\WINDOWS\SYSTEM32\VERSION.dll
[0811/102216.381:ERROR:process_memory_win.cc(73)] ReadMemory at 0x7fff8b030000 of 64 bytes failed: ReadProcessMemory 또는 WriteProcessMemory의 일부 작업만을 마쳤습니다. (0x12B)
[0811/102216.381:WARNING:pe_image_reader.cc(340)] could not read dos header from C:\WINDOWS\System32\msvcrt.dll
[0811/102216.381:ERROR:process_memory_win.cc(73)] ReadMemory at 0x7fff89940000 of 64 bytes failed: ReadProcessMemory 또는 WriteProcessMemory의 일부 작업만을 마쳤습니다. (0x12B)
[0811/102216.381:WARNING:pe_image_reader.cc(340)] could not read dos header from C:\WINDOWS\System32\bcryptPrimitives.dll
[0811/102216.381:ERROR:process_memory_win.cc(73)] ReadMemory at 0x7fff8b6c0000 of 64 bytes failed: ReadProcessMemory 또는 WriteProcessMemory의 일부 작업만을 마쳤습니다. (0x12B)
[0811/102216.381:WARNING:pe_image_reader.cc(340)] could not read dos header from C:\WINDOWS\System32\ADVAPI32.dll
[0811/102216.381:ERROR:process_memory_win.cc(73)] ReadMemory at 0x7fff8af90000 of 64 bytes failed: ReadProcessMemory 또는 WriteProcessMemory의 일부 작업만을 마쳤습니다. (0x12B)
[0811/102216.381:WARNING:pe_image_reader.cc(340)] could not read dos header from C:\WINDOWS\System32\sechost.dll
[0811/102216.381:ERROR:process_memory_win.cc(73)] ReadMemory at 0x7fff8ad10000 of 64 bytes failed: ReadProcessMemory 또는 WriteProcessMemory의 일부 작업만을 마쳤습니다. (0x12B)
[0811/102216.382:WARNING:pe_image_reader.cc(340)] could not read dos header from C:\WINDOWS\System32\RPCRT4.dll
[0811/102216.382:ERROR:process_memory_win.cc(73)] ReadMemory at 0x7fff14ca0000 of 64 bytes failed: ReadProcessMemory 또는 WriteProcessMemory의 일부 작업만을 마쳤습니다. (0x12B)
[0811/102216.382:WARNING:pe_image_reader.cc(340)] could not read dos header from C:\Program Files (x86)\Google\Chrome\Application\84.0.4147.105\chrome.dll
[0811/102216.382:ERROR:process_memory_win.cc(73)] ReadMemory at 0x7fff8b3c0000 of 64 bytes failed: ReadProcessMemory 또는 WriteProcessMemory의 일부 작업만을 마쳤습니다. (0x12B)
[0811/102216.382:WARNING:pe_image_reader.cc(340)] could not read dos header from C:\WINDOWS\System32\WS2_32.dll
[0811/102216.382:ERROR:process_memory_win.cc(73)] ReadMemory at 0x7fff8a900000 of 64 bytes failed: ReadProcessMemory 또는 WriteProcessMemory의 일부 작업만을 마쳤습니다. (0x12B)
[0811/102216.382:WARNING:pe_image_reader.cc(340)] could not read dos header from C:\WINDOWS\System32\OLEAUT32.dll
[0811/102216.382:ERROR:process_memory_win.cc(73)] ReadMemory at 0x7fff894a0000 of 64 bytes failed: ReadProcessMemory 또는 WriteProcessMemory의 일부 작업만을 마쳤습니다. (0x12B)
[0811/102216.382:WARNING:pe_image_reader.cc(340)] could not read dos header from C:\WINDOWS\System32\msvcp_win.dll
[0811/102216.382:ERROR:process_memory_win.cc(73)] ReadMemory at 0x7fff899c0000 of 64 bytes failed: ReadProcessMemory 또는 WriteProcessMemory의 일부 작업만을 마쳤습니다. (0x12B)
[0811/102216.382:WARNING:pe_image_reader.cc(340)] could not read dos header from C:\WINDOWS\System32\ucrtbase.dll
[0811/102216.382:ERROR:process_memory_win.cc(73)] ReadMemory at 0x7fff8a9d0000 of 64 bytes failed: ReadProcessMemory 또는 WriteProcessMemory의 일부 작업만을 마쳤습니다. (0x12B)
[0811/102216.383:WARNING:pe_image_reader.cc(340)] could not read dos header from C:\WINDOWS\System32\combase.dll
[0811/102216.383:ERROR:process_memory_win.cc(73)] ReadMemory at 0x7fff889c0000 of 64 bytes failed: ReadProcessMemory 또는 WriteProcessMemory의 일부 작업만을 마쳤습니다. (0x12B)
[0811/102216.383:WARNING:pe_image_reader.cc(340)] could not read dos header from C:\WINDOWS\System32\WINTRUST.dll
[0811/102216.383:ERROR:process_memory_win.cc(73)] ReadMemory at 0x7fff88970000 of 64 bytes failed: ReadProcessMemory 또는 WriteProcessMemory의 일부 작업만을 마쳤습니다. (0x12B)
[0811/102216.383:WARNING:pe_image_reader.cc(340)] could not read dos header from C:\WINDOWS\System32\MSASN1.dll
[0811/102216.383:ERROR:process_memory_win.cc(73)] ReadMemory at 0x7fff897f0000 of 64 bytes failed: ReadProcessMemory 또는 WriteProcessMemory의 일부 작업만을 마쳤습니다. (0x12B)
[0811/102216.383:WARNING:pe_image_reader.cc(340)] could not read dos header from C:\WINDOWS\System32\CRYPT32.dll
[0811/102216.383:ERROR:process_memory_win.cc(73)] ReadMemory at 0x7fff87e70000 of 64 bytes failed: ReadProcessMemory 또는 WriteProcessMemory의 일부 작업만을 마쳤습니다. (0x12B)
[0811/102216.383:WARNING:pe_image_reader.cc(340)] could not read dos header from C:\WINDOWS\SYSTEM32\IPHLPAPI.DLL
[0811/102216.383:ERROR:process_memory_win.cc(73)] ReadMemory at 0x7fff7c650000 of 64 bytes failed: ReadProcessMemory 또는 WriteProcessMemory의 일부 작업만을 마쳤습니다. (0x12B)
[0811/102216.383:WARNING:pe_image_reader.cc(340)] could not read dos header from C:\WINDOWS\SYSTEM32\WINMM.dll
[0811/102216.383:ERROR:process_memory_win.cc(73)] ReadMemory at 0x7fff78d70000 of 64 bytes failed: ReadProcessMemory 또는 WriteProcessMemory의 일부 작업만을 마쳤습니다. (0x12B)
[0811/102216.383:WARNING:pe_image_reader.cc(340)] could not read dos header from C:\WINDOWS\SYSTEM32\Secur32.dll
[0811/102216.383:ERROR:process_memory_win.cc(73)] ReadMemory at 0x7fff88810000 of 64 bytes failed: ReadProcessMemory 또는 WriteProcessMemory의 일부 작업만을 마쳤습니다. (0x12B)
[0811/102216.383:WARNING:pe_image_reader.cc(340)] could not read dos header from C:\WINDOWS\SYSTEM32\USERENV.dll
[0811/102216.383:ERROR:process_memory_win.cc(73)] ReadMemory at 0x7fff88990000 of 64 bytes failed: ReadProcessMemory 또는 WriteProcessMemory의 일부 작업만을 마쳤습니다. (0x12B)
[0811/102216.384:WARNING:pe_image_reader.cc(340)] could not read dos header from C:\WINDOWS\System32\profapi.dll
[0811/102216.384:ERROR:process_memory_win.cc(73)] ReadMemory at 0x7fff57490000 of 64 bytes failed: ReadProcessMemory 또는 WriteProcessMemory의 일부 작업만을 마쳤습니다. (0x12B)
[0811/102216.384:WARNING:pe_image_reader.cc(340)] could not read dos header from C:\WINDOWS\SYSTEM32\UIAutomationCore.DLL
[0811/102216.384:ERROR:process_memory_win.cc(73)] ReadMemory at 0x7fff6dd50000 of 64 bytes failed: ReadProcessMemory 또는 WriteProcessMemory의 일부 작업만을 마쳤습니다. (0x12B)
[0811/102216.384:WARNING:pe_image_reader.cc(340)] could not read dos header from C:\WINDOWS\SYSTEM32\DWrite.dll
[0811/102216.384:ERROR:process_memory_win.cc(73)] ReadMemory at 0x7fff7a8a0000 of 64 bytes failed: ReadProcessMemory 또는 WriteProcessMemory의 일부 작업만을 마쳤습니다. (0x12B)
[0811/102216.384:WARNING:pe_image_reader.cc(340)] could not read dos header from C:\WINDOWS\SYSTEM32\WINSPOOL.DRV
[0811/102216.384:ERROR:process_memory_win.cc(73)] ReadMemory at 0x7fff88900000 of 64 bytes failed: ReadProcessMemory 또는 WriteProcessMemory의 일부 작업만을 마쳤습니다. (0x12B)
[0811/102216.384:WARNING:pe_image_reader.cc(340)] could not read dos header from C:\WINDOWS\System32\kernel.appcore.dll
[0811/102216.384:ERROR:process_memory_win.cc(73)] ReadMemory at 0x7fff89370000 of 64 bytes failed: ReadProcessMemory 또는 WriteProcessMemory의 일부 작업만을 마쳤습니다. (0x12B)
[0811/102216.384:WARNING:pe_image_reader.cc(340)] could not read dos header from C:\WINDOWS\System32\bcrypt.dll
[0811/102216.384:ERROR:process_memory_win.cc(73)] ReadMemory at 0x7fff87200000 of 64 bytes failed: ReadProcessMemory 또는 WriteProcessMemory의 일부 작업만을 마쳤습니다. (0x12B)
[0811/102216.384:WARNING:pe_image_reader.cc(340)] could not read dos header from C:\WINDOWS\SYSTEM32\dbghelp.dll
[0811/102216.384:ERROR:process_memory_win.cc(73)] ReadMemory at 0x7fff7d150000 of 64 bytes failed: ReadProcessMemory 또는 WriteProcessMemory의 일부 작업만을 마쳤습니다. (0x12B)
[0811/102216.385:WARNING:pe_image_reader.cc(340)] could not read dos header from C:\WINDOWS\SYSTEM32\WINHTTP.dll
[0811/102216.385:ERROR:process_memory_win.cc(73)] ReadMemory at 0x7fff7f6b0000 of 64 bytes failed: ReadProcessMemory 또는 WriteProcessMemory의 일부 작업만을 마쳤습니다. (0x12B)
[0811/102216.385:WARNING:pe_image_reader.cc(340)] could not read dos header from C:\WINDOWS\SYSTEM32\dhcpcsvc.DLL
[0811/102216.385:ERROR:process_memory_win.cc(73)] ReadMemory at 0x7fff8b430000 of 64 bytes failed: ReadProcessMemory 또는 WriteProcessMemory의 일부 작업만을 마쳤습니다. (0x12B)
[0811/102216.385:WARNING:pe_image_reader.cc(340)] could not read dos header from C:\WINDOWS\System32\NSI.dll
[0811/102216.385:ERROR:process_memory_win.cc(73)] ReadMemory at 0x7fff7c400000 of 64 bytes failed: ReadProcessMemory 또는 WriteProcessMemory의 일부 작업만을 마쳤습니다. (0x12B)
[0811/102216.385:WARNING:pe_image_reader.cc(340)] could not read dos header from C:\WINDOWS\SYSTEM32\WINMMBASE.dll
[0811/102216.385:ERROR:process_memory_win.cc(73)] ReadMemory at 0x7fff89450000 of 64 bytes failed: ReadProcessMemory 또는 WriteProcessMemory의 일부 작업만을 마쳤습니다. (0x12B)
[0811/102216.385:WARNING:pe_image_reader.cc(340)] could not read dos header from C:\WINDOWS\System32\cfgmgr32.dll
[0811/102216.385:ERROR:process_memory_win.cc(73)] ReadMemory at 0x7fff83570000 of 64 bytes failed: ReadProcessMemory 또는 WriteProcessMemory의 일부 작업만을 마쳤습니다. (0x12B)
[0811/102216.385:WARNING:pe_image_reader.cc(340)] could not read dos header from C:\WINDOWS\SYSTEM32\PROPSYS.dll
[0811/102216.385:ERROR:process_memory_win.cc(73)] ReadMemory at 0x7fff8b950000 of 64 bytes failed: ReadProcessMemory 또는 WriteProcessMemory의 일부 작업만을 마쳤습니다. (0x12B)
[0811/102216.385:WARNING:pe_image_reader.cc(340)] could not read dos header from C:\WINDOWS\System32\shcore.dll
[0811/102216.385:ERROR:process_memory_win.cc(73)] ReadMemory at 0x7fff887e0000 of 64 bytes failed: ReadProcessMemory 또는 WriteProcessMemory의 일부 작업만을 마쳤습니다. (0x12B)
[0811/102216.386:WARNING:pe_image_reader.cc(340)] could not read dos header from C:\WINDOWS\SYSTEM32\SSPICLI.DLL
[0811/102216.386:ERROR:process_memory_win.cc(73)] ReadMemory at 0x7fff88330000 of 64 bytes failed: ReadProcessMemory 또는 WriteProcessMemory의 일부 작업만을 마쳤습니다. (0x12B)
[0811/102216.386:WARNING:pe_image_reader.cc(340)] could not read dos header from C:\WINDOWS\SYSTEM32\CRYPTBASE.DLL
[0811/102216.393:ERROR:process_memory_win.cc(73)] ReadMemory at 0x7ff699800000 of 64 bytes failed: ReadProcessMemory 또는 WriteProcessMemory의 일부 작업만을 마쳤습니다. (0x12B)
[0811/102216.394:WARNING:pe_image_reader.cc(340)] could not read dos header from C:\Program Files (x86)\Google\Chrome\Application\chrome.exe
[0811/102216.394:ERROR:process_memory_win.cc(73)] ReadMemory at 0x7fff8ba40000 of 64 bytes failed: ReadProcessMemory 또는 WriteProcessMemory의 일부 작업만을 마쳤습니다. (0x12B)
[0811/102216.394:WARNING:pe_image_reader.cc(340)] could not read dos header from C:\WINDOWS\SYSTEM32\ntdll.dll
[0811/102216.394:ERROR:process_memory_win.cc(73)] ReadMemory at 0x7fff8b4c0000 of 64 bytes failed: ReadProcessMemory 또는 WriteProcessMemory의 일부 작업만을 마쳤습니다. (0x12B)
[0811/102216.394:WARNING:pe_image_reader.cc(340)] could not read dos header from C:\WINDOWS\System32\KERNEL32.DLL
[0811/102216.394:ERROR:process_memory_win.cc(73)] ReadMemory at 0x7fff89540000 of 64 bytes failed: ReadProcessMemory 또는 WriteProcessMemory의 일부 작업만을 마쳤습니다. (0x12B)
[0811/102216.394:WARNING:pe_image_reader.cc(340)] could not read dos header from C:\WINDOWS\System32\KERNELBASE.dll
[0811/102216.394:ERROR:process_memory_win.cc(73)] ReadMemory at 0x7fff67770000 of 64 bytes failed: ReadProcessMemory 또는 WriteProcessMemory의 일부 작업만을 마쳤습니다. (0x12B)
[0811/102216.394:WARNING:pe_image_reader.cc(340)] could not read dos header from C:\Program Files (x86)\Google\Chrome\Application\84.0.4147.105\chrome_elf.dll
[0811/102216.394:ERROR:process_memory_win.cc(73)] ReadMemory at 0x7fff7ff20000 of 64 bytes failed: ReadProcessMemory 또는 WriteProcessMemory의 일부 작업만을 마쳤습니다. (0x12B)
[0811/102216.394:WARNING:pe_image_reader.cc(340)] could not read dos header from C:\WINDOWS\SYSTEM32\VERSION.dll
[0811/102216.394:ERROR:process_memory_win.cc(73)] ReadMemory at 0x7fff8b030000 of 64 bytes failed: ReadProcessMemory 또는 WriteProcessMemory의 일부 작업만을 마쳤습니다. (0x12B)
[0811/102216.394:WARNING:pe_image_reader.cc(340)] could not read dos header from C:\WINDOWS\System32\msvcrt.dll
[0811/102216.395:ERROR:process_memory_win.cc(73)] ReadMemory at 0x7fff89940000 of 64 bytes failed: ReadProcessMemory 또는 WriteProcessMemory의 일부 작업만을 마쳤습니다. (0x12B)
[0811/102216.395:WARNING:pe_image_reader.cc(340)] could not read dos header from C:\WINDOWS\System32\bcryptPrimitives.dll
[0811/102216.395:ERROR:process_memory_win.cc(73)] ReadMemory at 0x7fff8b6c0000 of 64 bytes failed: ReadProcessMemory 또는 WriteProcessMemory의 일부 작업만을 마쳤습니다. (0x12B)
[0811/102216.395:WARNING:pe_image_reader.cc(340)] could not read dos header from C:\WINDOWS\System32\ADVAPI32.dll
[0811/102216.395:ERROR:process_memory_win.cc(73)] ReadMemory at 0x7fff8af90000 of 64 bytes failed: ReadProcessMemory 또는 WriteProcessMemory의 일부 작업만을 마쳤습니다. (0x12B)
[0811/102216.395:WARNING:pe_image_reader.cc(340)] could not read dos header from C:\WINDOWS\System32\sechost.dll
[0811/102216.395:ERROR:process_memory_win.cc(73)] ReadMemory at 0x7fff8ad10000 of 64 bytes failed: ReadProcessMemory 또는 WriteProcessMemory의 일부 작업만을 마쳤습니다. (0x12B)
[0811/102216.395:WARNING:pe_image_reader.cc(340)] could not read dos header from C:\WINDOWS\System32\RPCRT4.dll
[0811/102216.395:ERROR:process_memory_win.cc(73)] ReadMemory at 0x7fff14ca0000 of 64 bytes failed: ReadProcessMemory 또는 WriteProcessMemory의 일부 작업만을 마쳤습니다. (0x12B)
[0811/102216.395:WARNING:pe_image_reader.cc(340)] could not read dos header from C:\Program Files (x86)\Google\Chrome\Application\84.0.4147.105\chrome.dll
[0811/102216.395:ERROR:process_memory_win.cc(73)] ReadMemory at 0x7fff8b3c0000 of 64 bytes failed: ReadProcessMemory 또는 WriteProcessMemory의 일부 작업만을 마쳤습니다. (0x12B)
[0811/102216.395:WARNING:pe_image_reader.cc(340)] could not read dos header from C:\WINDOWS\System32\WS2_32.dll
[0811/102216.395:ERROR:process_memory_win.cc(73)] ReadMemory at 0x7fff8a900000 of 64 bytes failed: ReadProcessMemory 또는 WriteProcessMemory의 일부 작업만을 마쳤습니다. (0x12B)
[0811/102216.395:WARNING:pe_image_reader.cc(340)] could not read dos header from C:\WINDOWS\System32\OLEAUT32.dll
[0811/102216.396:ERROR:process_memory_win.cc(73)] ReadMemory at 0x7fff894a0000 of 64 bytes failed: ReadProcessMemory 또는 WriteProcessMemory의 일부 작업만을 마쳤습니다. (0x12B)
[0811/102216.396:WARNING:pe_image_reader.cc(340)] could not read dos header from C:\WINDOWS\System32\msvcp_win.dll
[0811/102216.396:ERROR:process_memory_win.cc(73)] ReadMemory at 0x7fff899c0000 of 64 bytes failed: ReadProcessMemory 또는 WriteProcessMemory의 일부 작업만을 마쳤습니다. (0x12B)
[0811/102216.396:WARNING:pe_image_reader.cc(340)] could not read dos header from C:\WINDOWS\System32\ucrtbase.dll
[0811/102216.396:ERROR:process_memory_win.cc(73)] ReadMemory at 0x7fff8a9d0000 of 64 bytes failed: ReadProcessMemory 또는 WriteProcessMemory의 일부 작업만을 마쳤습니다. (0x12B)
[0811/102216.396:WARNING:pe_image_reader.cc(340)] could not read dos header from C:\WINDOWS\System32\combase.dll
[0811/102216.396:ERROR:process_memory_win.cc(73)] ReadMemory at 0x7fff889c0000 of 64 bytes failed: ReadProcessMemory 또는 WriteProcessMemory의 일부 작업만을 마쳤습니다. (0x12B)
[0811/102216.396:WARNING:pe_image_reader.cc(340)] could not read dos header from C:\WINDOWS\System32\WINTRUST.dll
[0811/102216.396:ERROR:process_memory_win.cc(73)] ReadMemory at 0x7fff88970000 of 64 bytes failed: ReadProcessMemory 또는 WriteProcessMemory의 일부 작업만을 마쳤습니다. (0x12B)
[0811/102216.396:WARNING:pe_image_reader.cc(340)] could not read dos header from C:\WINDOWS\System32\MSASN1.dll
[0811/102216.396:ERROR:process_memory_win.cc(73)] ReadMemory at 0x7fff897f0000 of 64 bytes failed: ReadProcessMemory 또는 WriteProcessMemory의 일부 작업만을 마쳤습니다. (0x12B)
[0811/102216.396:WARNING:pe_image_reader.cc(340)] could not read dos header from C:\WINDOWS\System32\CRYPT32.dll
[0811/102216.396:ERROR:process_memory_win.cc(73)] ReadMemory at 0x7fff87e70000 of 64 bytes failed: ReadProcessMemory 또는 WriteProcessMemory의 일부 작업만을 마쳤습니다. (0x12B)
[0811/102216.396:WARNING:pe_image_reader.cc(340)] could not read dos header from C:\WINDOWS\SYSTEM32\IPHLPAPI.DLL
[0811/102216.397:ERROR:process_memory_win.cc(73)] ReadMemory at 0x7fff7c650000 of 64 bytes failed: ReadProcessMemory 또는 WriteProcessMemory의 일부 작업만을 마쳤습니다. (0x12B)
[0811/102216.397:WARNING:pe_image_reader.cc(340)] could not read dos header from C:\WINDOWS\SYSTEM32\WINMM.dll
[0811/102216.397:ERROR:process_memory_win.cc(73)] ReadMemory at 0x7fff78d70000 of 64 bytes failed: ReadProcessMemory 또는 WriteProcessMemory의 일부 작업만을 마쳤습니다. (0x12B)
[0811/102216.397:WARNING:pe_image_reader.cc(340)] could not read dos header from C:\WINDOWS\SYSTEM32\Secur32.dll
[0811/102216.397:ERROR:process_memory_win.cc(73)] ReadMemory at 0x7fff88810000 of 64 bytes failed: ReadProcessMemory 또는 WriteProcessMemory의 일부 작업만을 마쳤습니다. (0x12B)
[0811/102216.397:WARNING:pe_image_reader.cc(340)] could not read dos header from C:\WINDOWS\SYSTEM32\USERENV.dll
[0811/102216.397:ERROR:process_memory_win.cc(73)] ReadMemory at 0x7fff88990000 of 64 bytes failed: ReadProcessMemory 또는 WriteProcessMemory의 일부 작업만을 마쳤습니다. (0x12B)
[0811/102216.397:WARNING:pe_image_reader.cc(340)] could not read dos header from C:\WINDOWS\System32\profapi.dll
[0811/102216.397:ERROR:process_memory_win.cc(73)] ReadMemory at 0x7fff57490000 of 64 bytes failed: ReadProcessMemory 또는 WriteProcessMemory의 일부 작업만을 마쳤습니다. (0x12B)
[0811/102216.398:WARNING:pe_image_reader.cc(340)] could not read dos header from C:\WINDOWS\SYSTEM32\UIAutomationCore.DLL
[0811/102216.398:ERROR:process_memory_win.cc(73)] ReadMemory at 0x7fff6dd50000 of 64 bytes failed: ReadProcessMemory 또는 WriteProcessMemory의 일부 작업만을 마쳤습니다. (0x12B)
[0811/102216.398:WARNING:pe_image_reader.cc(340)] could not read dos header from C:\WINDOWS\SYSTEM32\DWrite.dll
[0811/102216.398:ERROR:process_memory_win.cc(73)] ReadMemory at 0x7fff7a8a0000 of 64 bytes failed: ReadProcessMemory 또는 WriteProcessMemory의 일부 작업만을 마쳤습니다. (0x12B)
[0811/102216.398:WARNING:pe_image_reader.cc(340)] could not read dos header from C:\WINDOWS\SYSTEM32\WINSPOOL.DRV
[0811/102216.398:ERROR:process_memory_win.cc(73)] ReadMemory at 0x7fff88900000 of 64 bytes failed: ReadProcessMemory 또는 WriteProcessMemory의 일부 작업만을 마쳤습니다. (0x12B)
[0811/102216.398:WARNING:pe_image_reader.cc(340)] could not read dos header from C:\WINDOWS\System32\kernel.appcore.dll
[0811/102216.398:ERROR:process_memory_win.cc(73)] ReadMemory at 0x7fff89370000 of 64 bytes failed: ReadProcessMemory 또는 WriteProcessMemory의 일부 작업만을 마쳤습니다. (0x12B)
[0811/102216.398:WARNING:pe_image_reader.cc(340)] could not read dos header from C:\WINDOWS\System32\bcrypt.dll
[0811/102216.398:ERROR:process_memory_win.cc(73)] ReadMemory at 0x7fff87200000 of 64 bytes failed: ReadProcessMemory 또는 WriteProcessMemory의 일부 작업만을 마쳤습니다. (0x12B)
[0811/102216.398:WARNING:pe_image_reader.cc(340)] could not read dos header from C:\WINDOWS\SYSTEM32\dbghelp.dll
[0811/102216.398:ERROR:process_memory_win.cc(73)] ReadMemory at 0x7fff7d150000 of 64 bytes failed: ReadProcessMemory 또는 WriteProcessMemory의 일부 작업만을 마쳤습니다. (0x12B)
[0811/102216.398:WARNING:pe_image_reader.cc(340)] could not read dos header from C:\WINDOWS\SYSTEM32\WINHTTP.dll
[0811/102216.398:ERROR:process_memory_win.cc(73)] ReadMemory at 0x7fff7f6b0000 of 64 bytes failed: ReadProcessMemory 또는 WriteProcessMemory의 일부 작업만을 마쳤습니다. (0x12B)
[0811/102216.398:WARNING:pe_image_reader.cc(340)] could not read dos header from C:\WINDOWS\SYSTEM32\dhcpcsvc.DLL
[0811/102216.399:ERROR:process_memory_win.cc(73)] ReadMemory at 0x7fff8b430000 of 64 bytes failed: ReadProcessMemory 또는 WriteProcessMemory의 일부 작업만을 마쳤습니다. (0x12B)
[0811/102216.399:WARNING:pe_image_reader.cc(340)] could not read dos header from C:\WINDOWS\System32\NSI.dll
[0811/102216.399:ERROR:process_memory_win.cc(73)] ReadMemory at 0x7fff7c400000 of 64 bytes failed: ReadProcessMemory 또는 WriteProcessMemory의 일부 작업만을 마쳤습니다. (0x12B)
[0811/102216.399:WARNING:pe_image_reader.cc(340)] could not read dos header from C:\WINDOWS\SYSTEM32\WINMMBASE.dll
[0811/102216.399:ERROR:process_memory_win.cc(73)] ReadMemory at 0x7fff89450000 of 64 bytes failed: ReadProcessMemory 또는 WriteProcessMemory의 일부 작업만을 마쳤습니다. (0x12B)
[0811/102216.399:WARNING:pe_image_reader.cc(340)] could not read dos header from C:\WINDOWS\System32\cfgmgr32.dll
[0811/102216.399:ERROR:process_memory_win.cc(73)] ReadMemory at 0x7fff83570000 of 64 bytes failed: ReadProcessMemory 또는 WriteProcessMemory의 일부 작업만을 마쳤습니다. (0x12B)
[0811/102216.399:WARNING:pe_image_reader.cc(340)] could not read dos header from C:\WINDOWS\SYSTEM32\PROPSYS.dll
[0811/102216.399:ERROR:process_memory_win.cc(73)] ReadMemory at 0x7fff8b950000 of 64 bytes failed: ReadProcessMemory 또는 WriteProcessMemory의 일부 작업만을 마쳤습니다. (0x12B)
[0811/102216.399:WARNING:pe_image_reader.cc(340)] could not read dos header from C:\WINDOWS\System32\shcore.dll
[0811/102216.399:ERROR:process_memory_win.cc(73)] ReadMemory at 0x7fff887e0000 of 64 bytes failed: ReadProcessMemory 또는 WriteProcessMemory의 일부 작업만을 마쳤습니다. (0x12B)
[0811/102216.399:WARNING:pe_image_reader.cc(340)] could not read dos header from C:\WINDOWS\SYSTEM32\SSPICLI.DLL
[0811/102216.399:ERROR:process_memory_win.cc(73)] ReadMemory at 0x7fff88330000 of 64 bytes failed: ReadProcessMemory 또는 WriteProcessMemory의 일부 작업만을 마쳤습니다. (0x12B)
[0811/102216.399:WARNING:pe_image_reader.cc(340)] could not read dos header from C:\WINDOWS\SYSTEM32\CRYPTBASE.DLL
[0811/102216.399:ERROR:process_memory_win.cc(73)] ReadMemory at 0x7ff699800000 of 64 bytes failed: ReadProcessMemory 또는 WriteProcessMemory의 일부 작업만을 마쳤습니다. (0x12B)
[0811/102216.399:WARNING:pe_image_reader.cc(340)] could not read dos header from C:\Program Files (x86)\Google\Chrome\Application\chrome.exe
[0811/102216.400:ERROR:process_memory_win.cc(73)] ReadMemory at 0x7fff8ba40000 of 64 bytes failed: ReadProcessMemory 또는 WriteProcessMemory의 일부 작업만을 마쳤습니다. (0x12B)
[0811/102216.400:WARNING:pe_image_reader.cc(340)] could not read dos header from C:\WINDOWS\SYSTEM32\ntdll.dll
[0811/102216.400:ERROR:process_memory_win.cc(73)] ReadMemory at 0x7fff8b4c0000 of 64 bytes failed: ReadProcessMemory 또는 WriteProcessMemory의 일부 작업만을 마쳤습니다. (0x12B)
[0811/102216.400:WARNING:pe_image_reader.cc(340)] could not read dos header from C:\WINDOWS\System32\KERNEL32.DLL
[0811/102216.400:ERROR:process_memory_win.cc(73)] ReadMemory at 0x7fff89540000 of 64 bytes failed: ReadProcessMemory 또는 WriteProcessMemory의 일부 작업만을 마쳤습니다. (0x12B)
[0811/102216.400:WARNING:pe_image_reader.cc(340)] could not read dos header from C:\WINDOWS\System32\KERNELBASE.dll
[0811/102216.400:ERROR:process_memory_win.cc(73)] ReadMemory at 0x7fff67770000 of 64 bytes failed: ReadProcessMemory 또는 WriteProcessMemory의 일부 작업만을 마쳤습니다. (0x12B)
[0811/102216.400:WARNING:pe_image_reader.cc(340)] could not read dos header from C:\Program Files (x86)\Google\Chrome\Application\84.0.4147.105\chrome_elf.dll
[0811/102216.400:ERROR:process_memory_win.cc(73)] ReadMemory at 0x7fff7ff20000 of 64 bytes failed: ReadProcessMemory 또는 WriteProcessMemory의 일부 작업만을 마쳤습니다. (0x12B)
[0811/102216.400:WARNING:pe_image_reader.cc(340)] could not read dos header from C:\WINDOWS\SYSTEM32\VERSION.dll
[0811/102216.400:ERROR:process_memory_win.cc(73)] ReadMemory at 0x7fff8b030000 of 64 bytes failed: ReadProcessMemory 또는 WriteProcessMemory의 일부 작업만을 마쳤습니다. (0x12B)
[0811/102216.400:WARNING:pe_image_reader.cc(340)] could not read dos header from C:\WINDOWS\System32\msvcrt.dll
[0811/102216.400:ERROR:process_memory_win.cc(73)] ReadMemory at 0x7fff89940000 of 64 bytes failed: ReadProcessMemory 또는 WriteProcessMemory의 일부 작업만을 마쳤습니다. (0x12B)
[0811/102216.400:WARNING:pe_image_reader.cc(340)] could not read dos header from C:\WINDOWS\System32\bcryptPrimitives.dll
[0811/102216.401:ERROR:process_memory_win.cc(73)] ReadMemory at 0x7fff8b6c0000 of 64 bytes failed: ReadProcessMemory 또는 WriteProcessMemory의 일부 작업만을 마쳤습니다. (0x12B)
[0811/102216.401:WARNING:pe_image_reader.cc(340)] could not read dos header from C:\WINDOWS\System32\ADVAPI32.dll
[0811/102216.401:ERROR:process_memory_win.cc(73)] ReadMemory at 0x7fff8af90000 of 64 bytes failed: ReadProcessMemory 또는 WriteProcessMemory의 일부 작업만을 마쳤습니다. (0x12B)
[0811/102216.401:WARNING:pe_image_reader.cc(340)] could not read dos header from C:\WINDOWS\System32\sechost.dll
[0811/102216.401:ERROR:process_memory_win.cc(73)] ReadMemory at 0x7fff8ad10000 of 64 bytes failed: ReadProcessMemory 또는 WriteProcessMemory의 일부 작업만을 마쳤습니다. (0x12B)
[0811/102216.401:WARNING:pe_image_reader.cc(340)] could not read dos header from C:\WINDOWS\System32\RPCRT4.dll
[0811/102216.401:ERROR:process_memory_win.cc(73)] ReadMemory at 0x7fff14ca0000 of 64 bytes failed: ReadProcessMemory 또는 WriteProcessMemory의 일부 작업만을 마쳤습니다. (0x12B)
[0811/102216.401:WARNING:pe_image_reader.cc(340)] could not read dos header from C:\Program Files (x86)\Google\Chrome\Application\84.0.4147.105\chrome.dll
[0811/102216.401:ERROR:process_memory_win.cc(73)] ReadMemory at 0x7fff8b3c0000 of 64 bytes failed: ReadProcessMemory 또는 WriteProcessMemory의 일부 작업만을 마쳤습니다. (0x12B)
[0811/102216.401:WARNING:pe_image_reader.cc(340)] could not read dos header from C:\WINDOWS\System32\WS2_32.dll
[0811/102216.401:ERROR:process_memory_win.cc(73)] ReadMemory at 0x7fff8a900000 of 64 bytes failed: ReadProcessMemory 또는 WriteProcessMemory의 일부 작업만을 마쳤습니다. (0x12B)
[0811/102216.401:WARNING:pe_image_reader.cc(340)] could not read dos header from C:\WINDOWS\System32\OLEAUT32.dll
[0811/102216.402:ERROR:process_memory_win.cc(73)] ReadMemory at 0x7fff894a0000 of 64 bytes failed: ReadProcessMemory 또는 WriteProcessMemory의 일부 작업만을 마쳤습니다. (0x12B)
[0811/102216.402:WARNING:pe_image_reader.cc(340)] could not read dos header from C:\WINDOWS\System32\msvcp_win.dll
[0811/102216.402:ERROR:process_memory_win.cc(73)] ReadMemory at 0x7fff899c0000 of 64 bytes failed: ReadProcessMemory 또는 WriteProcessMemory의 일부 작업만을 마쳤습니다. (0x12B)
[0811/102216.402:WARNING:pe_image_reader.cc(340)] could not read dos header from C:\WINDOWS\System32\ucrtbase.dll
[0811/102216.402:ERROR:process_memory_win.cc(73)] ReadMemory at 0x7fff8a9d0000 of 64 bytes failed: ReadProcessMemory 또는 WriteProcessMemory의 일부 작업만을 마쳤습니다. (0x12B)
[0811/102216.402:WARNING:pe_image_reader.cc(340)] could not read dos header from C:\WINDOWS\System32\combase.dll
[0811/102216.402:ERROR:process_memory_win.cc(73)] ReadMemory at 0x7fff889c0000 of 64 bytes failed: ReadProcessMemory 또는 WriteProcessMemory의 일부 작업만을 마쳤습니다. (0x12B)
[0811/102216.402:WARNING:pe_image_reader.cc(340)] could not read dos header from C:\WINDOWS\System32\WINTRUST.dll
[0811/102216.402:ERROR:process_memory_win.cc(73)] ReadMemory at 0x7fff88970000 of 64 bytes failed: ReadProcessMemory 또는 WriteProcessMemory의 일부 작업만을 마쳤습니다. (0x12B)
[0811/102216.402:WARNING:pe_image_reader.cc(340)] could not read dos header from C:\WINDOWS\System32\MSASN1.dll
[0811/102216.402:ERROR:process_memory_win.cc(73)] ReadMemory at 0x7fff897f0000 of 64 bytes failed: ReadProcessMemory 또는 WriteProcessMemory의 일부 작업만을 마쳤습니다. (0x12B)
[0811/102216.402:WARNING:pe_image_reader.cc(340)] could not read dos header from C:\WINDOWS\System32\CRYPT32.dll
[0811/102216.402:ERROR:process_memory_win.cc(73)] ReadMemory at 0x7fff87e70000 of 64 bytes failed: ReadProcessMemory 또는 WriteProcessMemory의 일부 작업만을 마쳤습니다. (0x12B)
[0811/102216.402:WARNING:pe_image_reader.cc(340)] could not read dos header from C:\WINDOWS\SYSTEM32\IPHLPAPI.DLL
[0811/102216.402:ERROR:process_memory_win.cc(73)] ReadMemory at 0x7fff7c650000 of 64 bytes failed: ReadProcessMemory 또는 WriteProcessMemory의 일부 작업만을 마쳤습니다. (0x12B)
[0811/102216.402:WARNING:pe_image_reader.cc(340)] could not read dos header from C:\WINDOWS\SYSTEM32\WINMM.dll
[0811/102216.403:ERROR:process_memory_win.cc(73)] ReadMemory at 0x7fff78d70000 of 64 bytes failed: ReadProcessMemory 또는 WriteProcessMemory의 일부 작업만을 마쳤습니다. (0x12B)
[0811/102216.403:WARNING:pe_image_reader.cc(340)] could not read dos header from C:\WINDOWS\SYSTEM32\Secur32.dll
[0811/102216.403:ERROR:process_memory_win.cc(73)] ReadMemory at 0x7fff88810000 of 64 bytes failed: ReadProcessMemory 또는 WriteProcessMemory의 일부 작업만을 마쳤습니다. (0x12B)
[0811/102216.403:WARNING:pe_image_reader.cc(340)] could not read dos header from C:\WINDOWS\SYSTEM32\USERENV.dll
[0811/102216.403:ERROR:process_memory_win.cc(73)] ReadMemory at 0x7fff88990000 of 64 bytes failed: ReadProcessMemory 또는 WriteProcessMemory의 일부 작업만을 마쳤습니다. (0x12B)
[0811/102216.403:WARNING:pe_image_reader.cc(340)] could not read dos header from C:\WINDOWS\System32\profapi.dll
[0811/102216.403:ERROR:process_memory_win.cc(73)] ReadMemory at 0x7fff57490000 of 64 bytes failed: ReadProcessMemory 또는 WriteProcessMemory의 일부 작업만을 마쳤습니다. (0x12B)
[0811/102216.403:WARNING:pe_image_reader.cc(340)] could not read dos header from C:\WINDOWS\SYSTEM32\UIAutomationCore.DLL
[0811/102216.403:ERROR:process_memory_win.cc(73)] ReadMemory at 0x7fff6dd50000 of 64 bytes failed: ReadProcessMemory 또는 WriteProcessMemory의 일부 작업만을 마쳤습니다. (0x12B)
[0811/102216.403:WARNING:pe_image_reader.cc(340)] could not read dos header from C:\WINDOWS\SYSTEM32\DWrite.dll
[0811/102216.403:ERROR:process_memory_win.cc(73)] ReadMemory at 0x7fff7a8a0000 of 64 bytes failed: ReadProcessMemory 또는 WriteProcessMemory의 일부 작업만을 마쳤습니다. (0x12B)
[0811/102216.403:WARNING:pe_image_reader.cc(340)] could not read dos header from C:\WINDOWS\SYSTEM32\WINSPOOL.DRV
[0811/102216.403:ERROR:process_memory_win.cc(73)] ReadMemory at 0x7fff88900000 of 64 bytes failed: ReadProcessMemory 또는 WriteProcessMemory의 일부 작업만을 마쳤습니다. (0x12B)
[0811/102216.403:WARNING:pe_image_reader.cc(340)] could not read dos header from C:\WINDOWS\System32\kernel.appcore.dll
[0811/102216.403:ERROR:process_memory_win.cc(73)] ReadMemory at 0x7fff89370000 of 64 bytes failed: ReadProcessMemory 또는 WriteProcessMemory의 일부 작업만을 마쳤습니다. (0x12B)
[0811/102216.403:WARNING:pe_image_reader.cc(340)] could not read dos header from C:\WINDOWS\System32\bcrypt.dll
[0811/102216.403:ERROR:process_memory_win.cc(73)] ReadMemory at 0x7fff87200000 of 64 bytes failed: ReadProcessMemory 또는 WriteProcessMemory의 일부 작업만을 마쳤습니다. (0x12B)
[0811/102216.404:WARNING:pe_image_reader.cc(340)] could not read dos header from C:\WINDOWS\SYSTEM32\dbghelp.dll
[0811/102216.404:ERROR:process_memory_win.cc(73)] ReadMemory at 0x7fff7d150000 of 64 bytes failed: ReadProcessMemory 또는 WriteProcessMemory의 일부 작업만을 마쳤습니다. (0x12B)
[0811/102216.404:WARNING:pe_image_reader.cc(340)] could not read dos header from C:\WINDOWS\SYSTEM32\WINHTTP.dll
[0811/102216.404:ERROR:process_memory_win.cc(73)] ReadMemory at 0x7fff7f6b0000 of 64 bytes failed: ReadProcessMemory 또는 WriteProcessMemory의 일부 작업만을 마쳤습니다. (0x12B)
[0811/102216.404:WARNING:pe_image_reader.cc(340)] could not read dos header from C:\WINDOWS\SYSTEM32\dhcpcsvc.DLL
[0811/102216.404:ERROR:process_memory_win.cc(73)] ReadMemory at 0x7fff8b430000 of 64 bytes failed: ReadProcessMemory 또는 WriteProcessMemory의 일부 작업만을 마쳤습니다. (0x12B)
[0811/102216.404:WARNING:pe_image_reader.cc(340)] could not read dos header from C:\WINDOWS\System32\NSI.dll
[0811/102216.404:ERROR:process_memory_win.cc(73)] ReadMemory at 0x7fff7c400000 of 64 bytes failed: ReadProcessMemory 또는 WriteProcessMemory의 일부 작업만을 마쳤습니다. (0x12B)
[0811/102216.404:WARNING:pe_image_reader.cc(340)] could not read dos header from C:\WINDOWS\SYSTEM32\WINMMBASE.dll
[0811/102216.404:ERROR:process_memory_win.cc(73)] ReadMemory at 0x7fff89450000 of 64 bytes failed: ReadProcessMemory 또는 WriteProcessMemory의 일부 작업만을 마쳤습니다. (0x12B)
[0811/102216.404:WARNING:pe_image_reader.cc(340)] could not read dos header from C:\WINDOWS\System32\cfgmgr32.dll
[0811/102216.405:ERROR:process_memory_win.cc(73)] ReadMemory at 0x7fff83570000 of 64 bytes failed: ReadProcessMemory 또는 WriteProcessMemory의 일부 작업만을 마쳤습니다. (0x12B)
[0811/102216.405:WARNING:pe_image_reader.cc(340)] could not read dos header from C:\WINDOWS\SYSTEM32\PROPSYS.dll
[0811/102216.405:ERROR:process_memory_win.cc(73)] ReadMemory at 0x7fff8b950000 of 64 bytes failed: ReadProcessMemory 또는 WriteProcessMemory의 일부 작업만을 마쳤습니다. (0x12B)
[0811/102216.405:WARNING:pe_image_reader.cc(340)] could not read dos header from C:\WINDOWS\System32\shcore.dll
[0811/102216.405:ERROR:process_memory_win.cc(73)] ReadMemory at 0x7fff887e0000 of 64 bytes failed: ReadProcessMemory 또는 WriteProcessMemory의 일부 작업만을 마쳤습니다. (0x12B)
[0811/102216.405:WARNING:pe_image_reader.cc(340)] could not read dos header from C:\WINDOWS\SYSTEM32\SSPICLI.DLL
[0811/102216.405:ERROR:process_memory_win.cc(73)] ReadMemory at 0x7fff88330000 of 64 bytes failed: ReadProcessMemory 또는 WriteProcessMemory의 일부 작업만을 마쳤습니다. (0x12B)
[0811/102216.405:WARNING:pe_image_reader.cc(340)] could not read dos header from C:\WINDOWS\SYSTEM32\CRYPTBASE.DLL
[0811/102216.431:ERROR:process_memory_win.cc(73)] ReadMemory at 0x787eff9000 of 28672 bytes failed: ReadProcessMemory 또는 WriteProcessMemory의 일부 작업만을 마쳤습니다. (0x12B)
[0811/102216.431:ERROR:process_memory_win.cc(73)] ReadMemory at 0x787f7fd000 of 12288 bytes failed: ReadProcessMemory 또는 WriteProcessMemory의 일부 작업만을 마쳤습니다. (0x12B)
[0811/102216.431:ERROR:process_memory_win.cc(73)] ReadMemory at 0x787fffd000 of 12288 bytes failed: ReadProcessMemory 또는 WriteProcessMemory의 일부 작업만을 마쳤습니다. (0x12B)
[0811/102216.432:ERROR:process_memory_win.cc(73)] ReadMemory at 0x78007fc000 of 16384 bytes failed: ReadProcessMemory 또는 WriteProcessMemory의 일부 작업만을 마쳤습니다. (0x12B)
[0811/102216.432:ERROR:process_memory_win.cc(73)] ReadMemory at 0x7800ffc000 of 16384 bytes failed: ReadProcessMemory 또는 WriteProcessMemory의 일부 작업만을 마쳤습니다. (0x12B)
[0811/102216.432:ERROR:process_memory_win.cc(73)] ReadMemory at 0x78017ff000 of 4096 bytes failed: ReadProcessMemory 또는 WriteProcessMemory의 일부 작업만을 마쳤습니다. (0x12B)
[0811/102216.432:ERROR:process_memory_win.cc(73)] ReadMemory at 0x7801ffd000 of 12288 bytes failed: ReadProcessMemory 또는 WriteProcessMemory의 일부 작업만을 마쳤습니다. (0x12B)
[0811/102216.432:ERROR:process_memory_win.cc(73)] ReadMemory at 0x78027fd000 of 12288 bytes failed: ReadProcessMemory 또는 WriteProcessMemory의 일부 작업만을 마쳤습니다. (0x12B)
[0811/102216.432:ERROR:process_memory_win.cc(73)] ReadMemory at 0x7802ffd000 of 12288 bytes failed: ReadProcessMemory 또는 WriteProcessMemory의 일부 작업만을 마쳤습니다. (0x12B)
[0811/102216.432:ERROR:process_memory_win.cc(73)] ReadMemory at 0x78037fd000 of 12288 bytes failed: ReadProcessMemory 또는 WriteProcessMemory의 일부 작업만을 마쳤습니다. (0x12B)
[0811/102216.433:ERROR:process_memory_win.cc(73)] ReadMemory at 0x7803ffd000 of 12288 bytes failed: ReadProcessMemory 또는 WriteProcessMemory의 일부 작업만을 마쳤습니다. (0x12B)
[0811/102216.433:ERROR:process_memory_win.cc(73)] ReadMemory at 0x78047fd000 of 12288 bytes failed: ReadProcessMemory 또는 WriteProcessMemory의 일부 작업만을 마쳤습니다. (0x12B)
[0811/102216.433:ERROR:process_memory_win.cc(73)] ReadMemory at 0x7804ffd000 of 12288 bytes failed: ReadProcessMemory 또는 WriteProcessMemory의 일부 작업만을 마쳤습니다. (0x12B)
[0811/102216.433:ERROR:process_memory_win.cc(73)] ReadMemory at 0x78057fd000 of 12288 bytes failed: ReadProcessMemory 또는 WriteProcessMemory의 일부 작업만을 마쳤습니다. (0x12B)
[0811/102216.433:ERROR:process_memory_win.cc(73)] ReadMemory at 0x7805ffd000 of 12288 bytes failed: ReadProcessMemory 또는 WriteProcessMemory의 일부 작업만을 마쳤습니다. (0x12B)
[0811/102216.433:ERROR:process_memory_win.cc(73)] ReadMemory at 0x78067ff000 of 4096 bytes failed: ReadProcessMemory 또는 WriteProcessMemory의 일부 작업만을 마쳤습니다. (0x12B)
[0811/102216.434:ERROR:process_memory_win.cc(73)] ReadMemory at 0x787e653000 of 852 bytes failed: ReadProcessMemory 또는 WriteProcessMemory의 일부 작업만을 마쳤습니다. (0x12B)
[0811/102216.434:ERROR:process_memory_win.cc(73)] ReadMemory at 0x787e654000 of 6024 bytes failed: ReadProcessMemory 또는 WriteProcessMemory의 일부 작업만을 마쳤습니다. (0x12B)
[0811/102216.434:ERROR:process_memory_win.cc(73)] ReadMemory at 0x787e656000 of 6024 bytes failed: ReadProcessMemory 또는 WriteProcessMemory의 일부 작업만을 마쳤습니다. (0x12B)
[0811/102216.434:ERROR:process_memory_win.cc(73)] ReadMemory at 0x787e658000 of 6024 bytes failed: ReadProcessMemory 또는 WriteProcessMemory의 일부 작업만을 마쳤습니다. (0x12B)
[0811/102216.434:ERROR:process_memory_win.cc(73)] ReadMemory at 0x787e65a000 of 6024 bytes failed: ReadProcessMemory 또는 WriteProcessMemory의 일부 작업만을 마쳤습니다. (0x12B)
[0811/102216.434:ERROR:process_memory_win.cc(73)] ReadMemory at 0x787e65c000 of 6024 bytes failed: ReadProcessMemory 또는 WriteProcessMemory의 일부 작업만을 마쳤습니다. (0x12B)
[0811/102216.434:ERROR:process_memory_win.cc(73)] ReadMemory at 0x787e65e000 of 6024 bytes failed: ReadProcessMemory 또는 WriteProcessMemory의 일부 작업만을 마쳤습니다. (0x12B)
[0811/102216.434:ERROR:process_memory_win.cc(73)] ReadMemory at 0x787e660000 of 6024 bytes failed: ReadProcessMemory 또는 WriteProcessMemory의 일부 작업만을 마쳤습니다. (0x12B)
[0811/102216.434:ERROR:process_memory_win.cc(73)] ReadMemory at 0x787e662000 of 6024 bytes failed: ReadProcessMemory 또는 WriteProcessMemory의 일부 작업만을 마쳤습니다. (0x12B)
[0811/102216.435:ERROR:process_memory_win.cc(73)] ReadMemory at 0x787e664000 of 6024 bytes failed: ReadProcessMemory 또는 WriteProcessMemory의 일부 작업만을 마쳤습니다. (0x12B)
[0811/102216.435:ERROR:process_memory_win.cc(73)] ReadMemory at 0x787e666000 of 6024 bytes failed: ReadProcessMemory 또는 WriteProcessMemory의 일부 작업만을 마쳤습니다. (0x12B)
[0811/102216.435:ERROR:process_memory_win.cc(73)] ReadMemory at 0x787e668000 of 6024 bytes failed: ReadProcessMemory 또는 WriteProcessMemory의 일부 작업만을 마쳤습니다. (0x12B)
[0811/102216.436:ERROR:process_memory_win.cc(73)] ReadMemory at 0x787e66a000 of 6024 bytes failed: ReadProcessMemory 또는 WriteProcessMemory의 일부 작업만을 마쳤습니다. (0x12B)
[0811/102216.436:ERROR:process_memory_win.cc(73)] ReadMemory at 0x787e66c000 of 6024 bytes failed: ReadProcessMemory 또는 WriteProcessMemory의 일부 작업만을 마쳤습니다. (0x12B)
[0811/102216.436:ERROR:process_memory_win.cc(73)] ReadMemory at 0x787e66e000 of 6024 bytes failed: ReadProcessMemory 또는 WriteProcessMemory의 일부 작업만을 마쳤습니다. (0x12B)
[0811/102216.436:ERROR:process_memory_win.cc(73)] ReadMemory at 0x787e670000 of 6024 bytes failed: ReadProcessMemory 또는 WriteProcessMemory의 일부 작업만을 마쳤습니다. (0x12B)
[0811/102216.436:ERROR:process_memory_win.cc(73)] ReadMemory at 0x787e672000 of 6024 bytes failed: ReadProcessMemory 또는 WriteProcessMemory의 일부 작업만을 마쳤습니다. (0x12B)
[0811/102216.436:ERROR:process_memory_win.cc(73)] ReadMemory at 0x23fb54b0fe0 of 22110 bytes failed: ReadProcessMemory 또는 WriteProcessMemory의 일부 작업만을 마쳤습니다. (0x12B)
[0811/102216.436:ERROR:process_memory_win.cc(73)] ReadMemory at 0x23fb54b6650 of 1012 bytes failed: ReadProcessMemory 또는 WriteProcessMemory의 일부 작업만을 마쳤습니다. (0x12B)
[0811/102216.436:ERROR:process_memory_win.cc(73)] ReadMemory at 0x23fb54b6c98 of 118 bytes failed: ReadProcessMemory 또는 WriteProcessMemory의 일부 작업만을 마쳤습니다. (0x12B)
[0811/102216.436:ERROR:process_memory_win.cc(73)] ReadMemory at 0x23fb54b6d10 of 746 bytes failed: ReadProcessMemory 또는 WriteProcessMemory의 일부 작업만을 마쳤습니다. (0x12B)
[0811/102216.437:ERROR:process_memory_win.cc(73)] ReadMemory at 0x23fb54b6ffc of 118 bytes failed: ReadProcessMemory 또는 WriteProcessMemory의 일부 작업만을 마쳤습니다. (0x12B)
[0811/102216.437:ERROR:process_memory_win.cc(73)] ReadMemory at 0x23fb54b7074 of 96 bytes failed: ReadProcessMemory 또는 WriteProcessMemory의 일부 작업만을 마쳤습니다. (0x12B)
[0811/102216.437:ERROR:process_memory_win.cc(73)] ReadMemory at 0x23fb54b70e0 of 58 bytes failed: ReadProcessMemory 또는 WriteProcessMemory의 일부 작업만을 마쳤습니다. (0x12B)
[0811/102216.437:ERROR:process_memory_win.cc(73)] ReadMemory at 0x23fb54b71e0 of 132 bytes failed: ReadProcessMemory 또는 WriteProcessMemory의 일부 작업만을 마쳤습니다. (0x12B)
[0811/102216.437:ERROR:process_memory_win.cc(73)] ReadMemory at 0x23fb54b7370 of 132 bytes failed: ReadProcessMemory 또는 WriteProcessMemory의 일부 작업만을 마쳤습니다. (0x12B)
[0811/102216.438:ERROR:process_memory_win.cc(73)] ReadMemory at 0x23fb54b7530 of 126 bytes failed: ReadProcessMemory 또는 WriteProcessMemory의 일부 작업만을 마쳤습니다. (0x12B)
[0811/102216.438:ERROR:process_memory_win.cc(73)] ReadMemory at 0x23fb54b7910 of 132 bytes failed: ReadProcessMemory 또는 WriteProcessMemory의 일부 작업만을 마쳤습니다. (0x12B)
[0811/102216.438:ERROR:process_memory_win.cc(73)] ReadMemory at 0x23fb54b7aa0 of 64 bytes failed: ReadProcessMemory 또는 WriteProcessMemory의 일부 작업만을 마쳤습니다. (0x12B)
[0811/102216.438:ERROR:process_memory_win.cc(73)] ReadMemory at 0x23fb54b7c60 of 132 bytes failed: ReadProcessMemory 또는 WriteProcessMemory의 일부 작업만을 마쳤습니다. (0x12B)
[0811/102216.438:ERROR:process_memory_win.cc(73)] ReadMemory at 0x23fb54b7f00 of 132 bytes failed: ReadProcessMemory 또는 WriteProcessMemory의 일부 작업만을 마쳤습니다. (0x12B)
[0811/102216.438:ERROR:process_memory_win.cc(73)] ReadMemory at 0x23fb54b8090 of 68 bytes failed: ReadProcessMemory 또는 WriteProcessMemory의 일부 작업만을 마쳤습니다. (0x12B)
[0811/102216.439:ERROR:process_memory_win.cc(73)] ReadMemory at 0x23fb54b90f0 of 132 bytes failed: ReadProcessMemory 또는 WriteProcessMemory의 일부 작업만을 마쳤습니다. (0x12B)
[0811/102216.439:ERROR:process_memory_win.cc(73)] ReadMemory at 0x23fb54b9280 of 154 bytes failed: ReadProcessMemory 또는 WriteProcessMemory의 일부 작업만을 마쳤습니다. (0x12B)
[0811/102216.439:ERROR:process_memory_win.cc(73)] ReadMemory at 0x23fb54ba050 of 60 bytes failed: ReadProcessMemory 또는 WriteProcessMemory의 일부 작업만을 마쳤습니다. (0x12B)
[0811/102216.439:ERROR:process_memory_win.cc(73)] ReadMemory at 0x23fb54bbcc0 of 62 bytes failed: ReadProcessMemory 또는 WriteProcessMemory의 일부 작업만을 마쳤습니다. (0x12B)
[0811/102216.439:ERROR:process_memory_win.cc(73)] ReadMemory at 0x23fb54bbe20 of 132 bytes failed: ReadProcessMemory 또는 WriteProcessMemory의 일부 작업만을 마쳤습니다. (0x12B)
[0811/102216.439:ERROR:process_memory_win.cc(73)] ReadMemory at 0x23fb54c9650 of 64 bytes failed: ReadProcessMemory 또는 WriteProcessMemory의 일부 작업만을 마쳤습니다. (0x12B)
[0811/102216.439:ERROR:process_memory_win.cc(73)] ReadMemory at 0x23fb54c9a60 of 62 bytes failed: ReadProcessMemory 또는 WriteProcessMemory의 일부 작업만을 마쳤습니다. (0x12B)
[0811/102216.439:ERROR:process_memory_win.cc(73)] ReadMemory at 0x23fb54c9ab0 of 60 bytes failed: ReadProcessMemory 또는 WriteProcessMemory의 일부 작업만을 마쳤습니다. (0x12B)
[0811/102216.440:ERROR:process_memory_win.cc(73)] ReadMemory at 0x23fb54c9bf0 of 64 bytes failed: ReadProcessMemory 또는 WriteProcessMemory의 일부 작업만을 마쳤습니다. (0x12B)
[0811/102216.440:ERROR:process_memory_win.cc(73)] ReadMemory at 0x23fb54c9c40 of 66 bytes failed: ReadProcessMemory 또는 WriteProcessMemory의 일부 작업만을 마쳤습니다. (0x12B)
[0811/102216.440:ERROR:process_memory_win.cc(73)] ReadMemory at 0x23fb54c9d80 of 64 bytes failed: ReadProcessMemory 또는 WriteProcessMemory의 일부 작업만을 마쳤습니다. (0x12B)
[0811/102216.440:ERROR:process_memory_win.cc(73)] ReadMemory at 0x23fb54c9e20 of 62 bytes failed: ReadProcessMemory 또는 WriteProcessMemory의 일부 작업만을 마쳤습니다. (0x12B)
[0811/102216.440:ERROR:process_memory_win.cc(73)] ReadMemory at 0x23fb54c9e70 of 60 bytes failed: ReadProcessMemory 또는 WriteProcessMemory의 일부 작업만을 마쳤습니다. (0x12B)
[0811/102216.440:ERROR:process_memory_win.cc(73)] ReadMemory at 0x23fb54c9ec0 of 62 bytes failed: ReadProcessMemory 또는 WriteProcessMemory의 일부 작업만을 마쳤습니다. (0x12B)
[0811/102216.440:ERROR:process_memory_win.cc(73)] ReadMemory at 0x23fb54ca0a0 of 60 bytes failed: ReadProcessMemory 또는 WriteProcessMemory의 일부 작업만을 마쳤습니다. (0x12B)
[0811/102216.440:ERROR:process_memory_win.cc(73)] ReadMemory at 0x23fb54ca0f0 of 64 bytes failed: ReadProcessMemory 또는 WriteProcessMemory의 일부 작업만을 마쳤습니다. (0x12B)
[0811/102216.441:ERROR:process_memory_win.cc(73)] ReadMemory at 0x23fb54ca140 of 64 bytes failed: ReadProcessMemory 또는 WriteProcessMemory의 일부 작업만을 마쳤습니다. (0x12B)
[0811/102216.441:ERROR:process_memory_win.cc(73)] ReadMemory at 0x23fb54cc5f0 of 80 bytes failed: ReadProcessMemory 또는 WriteProcessMemory의 일부 작업만을 마쳤습니다. (0x12B)
[0811/102216.441:ERROR:process_memory_win.cc(73)] ReadMemory at 0x23fb54ce910 of 132 bytes failed: ReadProcessMemory 또는 WriteProcessMemory의 일부 작업만을 마쳤습니다. (0x12B)
[0811/102216.441:ERROR:process_memory_win.cc(73)] ReadMemory at 0x23fb54cf360 of 132 bytes failed: ReadProcessMemory 또는 WriteProcessMemory의 일부 작업만을 마쳤습니다. (0x12B)
[0811/102216.441:ERROR:process_memory_win.cc(73)] ReadMemory at 0x23fb54cf780 of 132 bytes failed: ReadProcessMemory 또는 WriteProcessMemory의 일부 작업만을 마쳤습니다. (0x12B)
[0811/102216.441:ERROR:process_memory_win.cc(73)] ReadMemory at 0x23fb54cfe20 of 80 bytes failed: ReadProcessMemory 또는 WriteProcessMemory의 일부 작업만을 마쳤습니다. (0x12B)
[0811/102216.441:ERROR:process_memory_win.cc(73)] ReadMemory at 0x23fb54d0780 of 76 bytes failed: ReadProcessMemory 또는 WriteProcessMemory의 일부 작업만을 마쳤습니다. (0x12B)
[0811/102216.441:ERROR:process_memory_win.cc(73)] ReadMemory at 0x23fb54d1070 of 64 bytes failed: ReadProcessMemory 또는 WriteProcessMemory의 일부 작업만을 마쳤습니다. (0x12B)
[0811/102216.441:ERROR:process_memory_win.cc(73)] ReadMemory at 0x23fb54d11b0 of 60 bytes failed: ReadProcessMemory 또는 WriteProcessMemory의 일부 작업만을 마쳤습니다. (0x12B)
[0811/102216.442:ERROR:process_memory_win.cc(73)] ReadMemory at 0x23fb54d1250 of 62 bytes failed: ReadProcessMemory 또는 WriteProcessMemory의 일부 작업만을 마쳤습니다. (0x12B)
[0811/102216.442:ERROR:process_memory_win.cc(73)] ReadMemory at 0x23fb54d1480 of 60 bytes failed: ReadProcessMemory 또는 WriteProcessMemory의 일부 작업만을 마쳤습니다. (0x12B)
[0811/102216.442:ERROR:process_memory_win.cc(73)] ReadMemory at 0x23fb54d14d0 of 66 bytes failed: ReadProcessMemory 또는 WriteProcessMemory의 일부 작업만을 마쳤습니다. (0x12B)
[0811/102216.442:ERROR:process_memory_win.cc(73)] ReadMemory at 0x23fb54d1520 of 62 bytes failed: ReadProcessMemory 또는 WriteProcessMemory의 일부 작업만을 마쳤습니다. (0x12B)
[0811/102216.442:ERROR:process_memory_win.cc(73)] ReadMemory at 0x23fb54d1570 of 64 bytes failed: ReadProcessMemory 또는 WriteProcessMemory의 일부 작업만을 마쳤습니다. (0x12B)
[0811/102216.442:ERROR:process_memory_win.cc(73)] ReadMemory at 0x23fb54d15c0 of 60 bytes failed: ReadProcessMemory 또는 WriteProcessMemory의 일부 작업만을 마쳤습니다. (0x12B)
[0811/102216.442:ERROR:process_memory_win.cc(73)] ReadMemory at 0x23fb54d1610 of 62 bytes failed: ReadProcessMemory 또는 WriteProcessMemory의 일부 작업만을 마쳤습니다. (0x12B)
[0811/102216.443:ERROR:process_memory_win.cc(73)] ReadMemory at 0x23fb54d16b0 of 64 bytes failed: ReadProcessMemory 또는 WriteProcessMemory의 일부 작업만을 마쳤습니다. (0x12B)
[0811/102216.443:ERROR:process_memory_win.cc(73)] ReadMemory at 0x23fb54d1a20 of 58 bytes failed: ReadProcessMemory 또는 WriteProcessMemory의 일부 작업만을 마쳤습니다. (0x12B)
[0811/102216.443:ERROR:process_memory_win.cc(73)] ReadMemory at 0x23fb54d1a70 of 62 bytes failed: ReadProcessMemory 또는 WriteProcessMemory의 일부 작업만을 마쳤습니다. (0x12B)
[0811/102216.443:ERROR:process_memory_win.cc(73)] ReadMemory at 0x23fb54d1b10 of 62 bytes failed: ReadProcessMemory 또는 WriteProcessMemory의 일부 작업만을 마쳤습니다. (0x12B)
[0811/102216.443:ERROR:process_memory_win.cc(73)] ReadMemory at 0x23fb54d1b60 of 62 bytes failed: ReadProcessMemory 또는 WriteProcessMemory의 일부 작업만을 마쳤습니다. (0x12B)
[0811/102216.443:ERROR:process_memory_win.cc(73)] ReadMemory at 0x23fb54d1ca0 of 62 bytes failed: ReadProcessMemory 또는 WriteProcessMemory의 일부 작업만을 마쳤습니다. (0x12B)
[0811/102216.443:ERROR:process_memory_win.cc(73)] ReadMemory at 0x23fb54d3910 of 132 bytes failed: ReadProcessMemory 또는 WriteProcessMemory의 일부 작업만을 마쳤습니다. (0x12B)
[0811/102216.443:ERROR:process_memory_win.cc(73)] ReadMemory at 0x23fb54d85a0 of 54 bytes failed: ReadProcessMemory 또는 WriteProcessMemory의 일부 작업만을 마쳤습니다. (0x12B)
[0811/102216.443:ERROR:process_memory_win.cc(73)] ReadMemory at 0x23fb54d9a10 of 132 bytes failed: ReadProcessMemory 또는 WriteProcessMemory의 일부 작업만을 마쳤습니다. (0x12B)
[0811/102216.444:ERROR:process_memory_win.cc(73)] ReadMemory at 0x23fb54d9de0 of 146 bytes failed: ReadProcessMemory 또는 WriteProcessMemory의 일부 작업만을 마쳤습니다. (0x12B)
[0811/102216.444:ERROR:process_memory_win.cc(73)] ReadMemory at 0x23fb54dae90 of 132 bytes failed: ReadProcessMemory 또는 WriteProcessMemory의 일부 작업만을 마쳤습니다. (0x12B)
[0811/102216.444:ERROR:process_memory_win.cc(73)] ReadMemory at 0x23fb54db1f0 of 132 bytes failed: ReadProcessMemory 또는 WriteProcessMemory의 일부 작업만을 마쳤습니다. (0x12B)
[0811/102216.444:ERROR:process_memory_win.cc(73)] ReadMemory at 0x23fb54db400 of 132 bytes failed: ReadProcessMemory 또는 WriteProcessMemory의 일부 작업만을 마쳤습니다. (0x12B)
[0811/102216.444:ERROR:process_memory_win.cc(73)] ReadMemory at 0x23fb54df8c0 of 132 bytes failed: ReadProcessMemory 또는 WriteProcessMemory의 일부 작업만을 마쳤습니다. (0x12B)
[0811/102216.444:ERROR:process_memory_win.cc(73)] ReadMemory at 0x23fb54df9f0 of 132 bytes failed: ReadProcessMemory 또는 WriteProcessMemory의 일부 작업만을 마쳤습니다. (0x12B)
[0811/102216.445:ERROR:process_memory_win.cc(73)] ReadMemory at 0x23fb54dfb20 of 132 bytes failed: ReadProcessMemory 또는 WriteProcessMemory의 일부 작업만을 마쳤습니다. (0x12B)
[0811/102216.445:ERROR:process_memory_win.cc(73)] ReadMemory at 0x23fb54dfc50 of 132 bytes failed: ReadProcessMemory 또는 WriteProcessMemory의 일부 작업만을 마쳤습니다. (0x12B)
[0811/102216.445:ERROR:process_memory_win.cc(73)] ReadMemory at 0x23fb54dfd80 of 132 bytes failed: ReadProcessMemory 또는 WriteProcessMemory의 일부 작업만을 마쳤습니다. (0x12B)
[0811/102216.445:ERROR:process_memory_win.cc(73)] ReadMemory at 0x23fb54dfeb0 of 132 bytes failed: ReadProcessMemory 또는 WriteProcessMemory의 일부 작업만을 마쳤습니다. (0x12B)
[0811/102216.445:ERROR:process_memory_win.cc(73)] ReadMemory at 0x23fb54dffe0 of 132 bytes failed: ReadProcessMemory 또는 WriteProcessMemory의 일부 작업만을 마쳤습니다. (0x12B)
[0811/102216.445:ERROR:process_memory_win.cc(73)] ReadMemory at 0x23fb54e0110 of 132 bytes failed: ReadProcessMemory 또는 WriteProcessMemory의 일부 작업만을 마쳤습니다. (0x12B)
[0811/102216.445:ERROR:process_memory_win.cc(73)] ReadMemory at 0x23fb54e0370 of 132 bytes failed: ReadProcessMemory 또는 WriteProcessMemory의 일부 작업만을 마쳤습니다. (0x12B)
[0811/102216.445:ERROR:process_memory_win.cc(73)] ReadMemory at 0x23fb54e04a0 of 132 bytes failed: ReadProcessMemory 또는 WriteProcessMemory의 일부 작업만을 마쳤습니다. (0x12B)
[0811/102216.445:ERROR:process_memory_win.cc(73)] ReadMemory at 0x23fb54e05d0 of 132 bytes failed: ReadProcessMemory 또는 WriteProcessMemory의 일부 작업만을 마쳤습니다. (0x12B)
[0811/102216.445:ERROR:process_memory_win.cc(73)] ReadMemory at 0x23fb54e0700 of 132 bytes failed: ReadProcessMemory 또는 WriteProcessMemory의 일부 작업만을 마쳤습니다. (0x12B)
[0811/102216.446:ERROR:process_memory_win.cc(73)] ReadMemory at 0x23fb54e0d60 of 132 bytes failed: ReadProcessMemory 또는 WriteProcessMemory의 일부 작업만을 마쳤습니다. (0x12B)
[0811/102216.446:ERROR:process_memory_win.cc(73)] ReadMemory at 0x23fb54e0e90 of 132 bytes failed: ReadProcessMemory 또는 WriteProcessMemory의 일부 작업만을 마쳤습니다. (0x12B)
[0811/102216.446:ERROR:process_memory_win.cc(73)] ReadMemory at 0x23fb54e35e0 of 132 bytes failed: ReadProcessMemory 또는 WriteProcessMemory의 일부 작업만을 마쳤습니다. (0x12B)
[0811/102216.446:ERROR:process_memory_win.cc(73)] ReadMemory at 0x23fb54e3710 of 132 bytes failed: ReadProcessMemory 또는 WriteProcessMemory의 일부 작업만을 마쳤습니다. (0x12B)
[0811/102216.446:ERROR:process_memory_win.cc(73)] ReadMemory at 0x23fb54e3d00 of 132 bytes failed: ReadProcessMemory 또는 WriteProcessMemory의 일부 작업만을 마쳤습니다. (0x12B)
[0811/102216.446:ERROR:process_memory_win.cc(73)] ReadMemory at 0x23fb54e3e30 of 132 bytes failed: ReadProcessMemory 또는 WriteProcessMemory의 일부 작업만을 마쳤습니다. (0x12B)
[0811/102216.447:ERROR:process_memory_win.cc(73)] ReadMemory at 0x23fb54e41c0 of 132 bytes failed: ReadProcessMemory 또는 WriteProcessMemory의 일부 작업만을 마쳤습니다. (0x12B)
[0811/102216.447:ERROR:process_memory_win.cc(73)] ReadMemory at 0x23fb54e42f0 of 132 bytes failed: ReadProcessMemory 또는 WriteProcessMemory의 일부 작업만을 마쳤습니다. (0x12B)
[0811/102216.447:ERROR:process_memory_win.cc(73)] ReadMemory at 0x23fb54e47b0 of 132 bytes failed: ReadProcessMemory 또는 WriteProcessMemory의 일부 작업만을 마쳤습니다. (0x12B)
[0811/102216.447:ERROR:process_memory_win.cc(73)] ReadMemory at 0x23fb54e48e0 of 132 bytes failed: ReadProcessMemory 또는 WriteProcessMemory의 일부 작업만을 마쳤습니다. (0x12B)
[0811/102216.447:ERROR:process_memory_win.cc(73)] ReadMemory at 0x23fb54e4a10 of 132 bytes failed: ReadProcessMemory 또는 WriteProcessMemory의 일부 작업만을 마쳤습니다. (0x12B)
[0811/102216.447:ERROR:process_memory_win.cc(73)] ReadMemory at 0x23fb54e5000 of 132 bytes failed: ReadProcessMemory 또는 WriteProcessMemory의 일부 작업만을 마쳤습니다. (0x12B)
[0811/102216.447:ERROR:process_memory_win.cc(73)] ReadMemory at 0x23fb54f95f0 of 512 bytes failed: ReadProcessMemory 또는 WriteProcessMemory의 일부 작업만을 마쳤습니다. (0x12B)
[0811/102216.447:ERROR:process_memory_win.cc(73)] ReadMemory at 0x23fb553d310 of 512 bytes failed: ReadProcessMemory 또는 WriteProcessMemory의 일부 작업만을 마쳤습니다. (0x12B)
[0811/102216.447:ERROR:process_memory_win.cc(73)] ReadMemory at 0x23fb55484f8 of 512 bytes failed: ReadProcessMemory 또는 WriteProcessMemory의 일부 작업만을 마쳤습니다. (0x12B)
[0811/102216.447:ERROR:process_memory_win.cc(73)] ReadMemory at 0x23fb554a570 of 512 bytes failed: ReadProcessMemory 또는 WriteProcessMemory의 일부 작업만을 마쳤습니다. (0x12B)
[0811/102216.447:ERROR:process_memory_win.cc(73)] ReadMemory at 0x23fb555ff80 of 512 bytes failed: ReadProcessMemory 또는 WriteProcessMemory의 일부 작업만을 마쳤습니다. (0x12B)
[0811/102216.447:ERROR:process_memory_win.cc(73)] ReadMemory at 0x23fb55614d0 of 512 bytes failed: ReadProcessMemory 또는 WriteProcessMemory의 일부 작업만을 마쳤습니다. (0x12B)
[0811/102216.447:ERROR:process_memory_win.cc(73)] ReadMemory at 0x23fb5568420 of 712 bytes failed: ReadProcessMemory 또는 WriteProcessMemory의 일부 작업만을 마쳤습니다. (0x12B)
[0811/102216.448:ERROR:process_memory_win.cc(73)] ReadMemory at 0x23fb55a5110 of 512 bytes failed: ReadProcessMemory 또는 WriteProcessMemory의 일부 작업만을 마쳤습니다. (0x12B)
[0811/102216.448:ERROR:process_memory_win.cc(73)] ReadMemory at 0x23fb5700c40 of 512 bytes failed: ReadProcessMemory 또는 WriteProcessMemory의 일부 작업만을 마쳤습니다. (0x12B)
[0811/102216.448:ERROR:process_memory_win.cc(73)] ReadMemory at 0x23fb6e80000 of 384 bytes failed: ReadProcessMemory 또는 WriteProcessMemory의 일부 작업만을 마쳤습니다. (0x12B)
[0811/102216.448:ERROR:process_memory_win.cc(73)] ReadMemory at 0x23fb6ead420 of 512 bytes failed: ReadProcessMemory 또는 WriteProcessMemory의 일부 작업만을 마쳤습니다. (0x12B)
[0811/102216.448:ERROR:process_memory_win.cc(73)] ReadMemory at 0x23fb6ed59c0 of 512 bytes failed: ReadProcessMemory 또는 WriteProcessMemory의 일부 작업만을 마쳤습니다. (0x12B)
[0811/102216.448:ERROR:process_memory_win.cc(73)] ReadMemory at 0x23fb6ee07c0 of 512 bytes failed: ReadProcessMemory 또는 WriteProcessMemory의 일부 작업만을 마쳤습니다. (0x12B)
[0811/102216.448:ERROR:process_memory_win.cc(73)] ReadMemory at 0x23fb6ee1f20 of 512 bytes failed: ReadProcessMemory 또는 WriteProcessMemory의 일부 작업만을 마쳤습니다. (0x12B)
[0811/102216.448:ERROR:process_memory_win.cc(73)] ReadMemory at 0x23fb6eebd81 of 512 bytes failed: ReadProcessMemory 또는 WriteProcessMemory의 일부 작업만을 마쳤습니다. (0x12B)
[0811/102216.449:ERROR:process_memory_win.cc(73)] ReadMemory at 0x23fb6eebff0 of 512 bytes failed: ReadProcessMemory 또는 WriteProcessMemory의 일부 작업만을 마쳤습니다. (0x12B)
[0811/102216.449:ERROR:process_memory_win.cc(73)] ReadMemory at 0x23fb6f86d80 of 512 bytes failed: ReadProcessMemory 또는 WriteProcessMemory의 일부 작업만을 마쳤습니다. (0x12B)
[0811/102216.449:ERROR:process_memory_win.cc(73)] ReadMemory at 0x23fb7068570 of 512 bytes failed: ReadProcessMemory 또는 WriteProcessMemory의 일부 작업만을 마쳤습니다. (0x12B)
[0811/102216.449:ERROR:process_memory_win.cc(73)] ReadMemory at 0x23fb7070d98 of 512 bytes failed: ReadProcessMemory 또는 WriteProcessMemory의 일부 작업만을 마쳤습니다. (0x12B)
[0811/102216.449:ERROR:process_memory_win.cc(73)] ReadMemory at 0x7fff174a9710 of 512 bytes failed: ReadProcessMemory 또는 WriteProcessMemory의 일부 작업만을 마쳤습니다. (0x12B)
[0811/102216.449:ERROR:process_memory_win.cc(73)] ReadMemory at 0x7fff17c637d2 of 553 bytes failed: ReadProcessMemory 또는 WriteProcessMemory의 일부 작업만을 마쳤습니다. (0x12B)
[0811/102216.449:ERROR:process_memory_win.cc(73)] ReadMemory at 0x7fff188f9e26 of 512 bytes failed: ReadProcessMemory 또는 WriteProcessMemory의 일부 작업만을 마쳤습니다. (0x12B)
[0811/102216.450:ERROR:process_memory_win.cc(73)] ReadMemory at 0x7fff1c8223c8 of 512 bytes failed: ReadProcessMemory 또는 WriteProcessMemory의 일부 작업만을 마쳤습니다. (0x12B)
[0811/102216.450:ERROR:process_memory_win.cc(73)] ReadMemory at 0x7fff897ac720 of 512 bytes failed: ReadProcessMemory 또는 WriteProcessMemory의 일부 작업만을 마쳤습니다. (0x12B)
[0811/102216.450:ERROR:process_memory_win.cc(73)] ReadMemory at 0x7fff8baacdb0 of 512 bytes failed: ReadProcessMemory 또는 WriteProcessMemory의 일부 작업만을 마쳤습니다. (0x12B)
[0811/102216.450:ERROR:process_memory_win.cc(73)] ReadMemory at 0x7fff8badc074 of 672 bytes failed: ReadProcessMemory 또는 WriteProcessMemory의 일부 작업만을 마쳤습니다. (0x12B)
[0811/102216.450:ERROR:process_memory_win.cc(73)] ReadMemory at 0x7fff8badc674 of 512 bytes failed: ReadProcessMemory 또는 WriteProcessMemory의 일부 작업만을 마쳤습니다. (0x12B)
[0811/102216.450:ERROR:process_memory_win.cc(73)] ReadMemory at 0x7fff8badd784 of 512 bytes failed: ReadProcessMemory 또는 WriteProcessMemory의 일부 작업만을 마쳤습니다. (0x12B)
[0811/102216.450:ERROR:process_memory_win.cc(73)] ReadMemory at 0x7fff8badf924 of 608 bytes failed: ReadProcessMemory 또는 WriteProcessMemory의 일부 작업만을 마쳤습니다. (0x12B)
[0811/102216.451:ERROR:process_memory_win.cc(73)] ReadMemory at 0x7fff8bb6c428 of 18 bytes failed: ReadProcessMemory 또는 WriteProcessMemory의 일부 작업만을 마쳤습니다. (0x12B)
[0811/102216.451:ERROR:process_memory_win.cc(73)] ReadMemory at 0x7fff8bb9f4f8 of 40 bytes failed: ReadProcessMemory 또는 WriteProcessMemory의 일부 작업만을 마쳤습니다. (0x12B)
[0811/102216.451:ERROR:process_memory_win.cc(73)] ReadMemory at 0x7fff8bb9f978 of 48 bytes failed: ReadProcessMemory 또는 WriteProcessMemory의 일부 작업만을 마쳤습니다. (0x12B)
[0811/102216.451:ERROR:process_memory_win.cc(73)] ReadMemory at 0x7fff8bba53c0 of 64 bytes failed: ReadProcessMemory 또는 WriteProcessMemory의 일부 작업만을 마쳤습니다. (0x12B)
[0811/102216.456:ERROR:scoped_process_suspend.cc(40)] NtResumeProcess: 기존 프로세스에 액세스하려고 했습니다. (0xc000010a)
